2025-06-13 12:57:31,341 - quantum_hardware.general - INFO - Registered backend: cirq_simulator
2025-06-13 12:57:31,368 - quantum_hardware.general - INFO - Completed operation: get_backend_cirq_simulator in 0.0016s
2025-06-13 12:57:31,368 - quantum_hardware.general - INFO - Completed operation: get_backend_cirq_simulator in 0.0016s
2025-06-13 12:57:31,368 - quantum_hardware.general - INFO - Executing circuit on backend: cirq_simulator, Qubits: 2, Depth: 3, Reps: 1000
2025-06-13 12:57:31,368 - quantum_hardware.general - INFO - Executing circuit on backend: cirq_simulator, Qubits: 2, Depth: 3, Reps: 1000
2025-06-13 12:57:31,369 - quantum_hardware.general - INFO - Circuit execution successful on cirq_simulator: 2 qubits, 3 depth, 1000 shots, 0.0012s
2025-06-13 12:57:31,369 - quantum_hardware.general - INFO - Circuit execution successful on cirq_simulator: 2 qubits, 3 depth, 1000 shots, 0.0012s
2025-06-13 12:57:31,369 - quantum_hardware.general - INFO - Completed operation: run_circuit_cirq_simulator in 0.0012s
2025-06-13 12:57:31,369 - quantum_hardware.general - INFO - Completed operation: run_circuit_cirq_simulator in 0.0012s
2025-06-13 12:57:31,369 - quantum_hardware.general - WARNING - Operation run_circuit returned unsuccessful result with status unknown
2025-06-13 12:57:31,369 - quantum_hardware.general - WARNING - Operation run_circuit returned unsuccessful result with status unknown
2025-06-13 12:57:31,724 - quantum_hardware.general - INFO - Registered backend: noisy_cirq_simulator
2025-06-13 12:57:31,724 - quantum_hardware.general - INFO - Registered backend: noisy_cirq_simulator
2025-06-13 12:57:31,725 - quantum_hardware.general - INFO - Completed operation: get_backend_noisy_cirq_simulator in 0.0005s
2025-06-13 12:57:31,725 - quantum_hardware.general - INFO - Completed operation: get_backend_noisy_cirq_simulator in 0.0005s
2025-06-13 12:57:31,725 - quantum_hardware.general - INFO - Completed operation: get_backend_cirq_simulator in 0.0000s
2025-06-13 12:57:31,725 - quantum_hardware.general - INFO - Completed operation: get_backend_cirq_simulator in 0.0000s
2025-06-13 12:57:31,725 - quantum_hardware.general - INFO - Executing circuit on backend: cirq_simulator, Qubits: 2, Depth: 3, Reps: 1000
2025-06-13 12:57:31,725 - quantum_hardware.general - INFO - Executing circuit on backend: cirq_simulator, Qubits: 2, Depth: 3, Reps: 1000
2025-06-13 12:57:31,729 - quantum_hardware.general - INFO - Circuit execution successful on cirq_simulator: 2 qubits, 3 depth, 1000 shots, 0.0035s
2025-06-13 12:57:31,729 - quantum_hardware.general - INFO - Circuit execution successful on cirq_simulator: 2 qubits, 3 depth, 1000 shots, 0.0035s
2025-06-13 12:57:31,729 - quantum_hardware.general - INFO - Completed operation: run_circuit_cirq_simulator in 0.0037s
2025-06-13 12:57:31,729 - quantum_hardware.general - INFO - Completed operation: run_circuit_cirq_simulator in 0.0037s
2025-06-13 12:57:31,729 - quantum_hardware.general - WARNING - Operation run_circuit returned unsuccessful result with status unknown
2025-06-13 12:57:31,729 - quantum_hardware.general - WARNING - Operation run_circuit returned unsuccessful result with status unknown
2025-06-13 12:57:31,729 - quantum_hardware.general - ERROR - hardware - unknown_error: Backend cirq_simulator is not available: error
2025-06-13 12:57:31,729 - quantum_hardware.general - ERROR - hardware - unknown_error: Backend cirq_simulator is not available: error
2025-06-13 12:57:31,729 - quantum_hardware.general - ERROR - Circuit execution failed on cirq_simulator: unknown_error: Backend cirq_simulator is not available: error
2025-06-13 12:57:31,729 - quantum_hardware.general - ERROR - Circuit execution failed on cirq_simulator: unknown_error: Backend cirq_simulator is not available: error
2025-06-13 12:57:31,729 - quantum_hardware.general - INFO - Completed operation: run_circuit_cirq_simulator in 0.0002s
2025-06-13 12:57:31,729 - quantum_hardware.general - INFO - Completed operation: run_circuit_cirq_simulator in 0.0002s
2025-06-13 12:57:31,730 - quantum_hardware.general - INFO - Completed operation: get_backend_cirq_simulator in 0.0000s
2025-06-13 12:57:31,730 - quantum_hardware.general - INFO - Completed operation: get_backend_cirq_simulator in 0.0000s
2025-06-13 12:57:31,731 - quantum_hardware.general - INFO - Completed operation: get_device_properties_cirq_simulator in 0.0004s
2025-06-13 12:57:31,731 - quantum_hardware.general - INFO - Completed operation: get_device_properties_cirq_simulator in 0.0004s
2025-06-13 12:57:31,731 - quantum_hardware.general - INFO - Completed operation: get_backend_noisy_cirq_simulator in 0.0000s
2025-06-13 12:57:31,731 - quantum_hardware.general - INFO - Completed operation: get_backend_noisy_cirq_simulator in 0.0000s
2025-06-13 12:57:31,731 - quantum_hardware.general - INFO - Completed operation: get_device_properties_cirq_simulator in 0.0002s
2025-06-13 12:57:31,731 - quantum_hardware.general - INFO - Completed operation: get_device_properties_cirq_simulator in 0.0002s
2025-06-13 12:57:31,732 - quantum_hardware.general - INFO - Completed operation: get_backend_cirq_simulator in 0.0000s
2025-06-13 12:57:31,732 - quantum_hardware.general - INFO - Completed operation: get_backend_cirq_simulator in 0.0000s
2025-06-13 12:57:31,733 - quantum_hardware.general - INFO - Executing circuit on backend: cirq_simulator, Qubits: 2, Depth: 3, Reps: 1000
2025-06-13 12:57:31,733 - quantum_hardware.general - INFO - Executing circuit on backend: cirq_simulator, Qubits: 2, Depth: 3, Reps: 1000
2025-06-13 12:57:31,734 - quantum_hardware.general - INFO - Circuit execution successful on cirq_simulator: 2 qubits, 3 depth, 1000 shots, 0.0012s
2025-06-13 12:57:31,734 - quantum_hardware.general - INFO - Circuit execution successful on cirq_simulator: 2 qubits, 3 depth, 1000 shots, 0.0012s
2025-06-13 12:57:31,734 - quantum_hardware.general - INFO - Completed operation: run_circuit_cirq_simulator in 0.0013s
2025-06-13 12:57:31,734 - quantum_hardware.general - INFO - Completed operation: run_circuit_cirq_simulator in 0.0013s
2025-06-13 12:57:31,734 - quantum_hardware.general - WARNING - Operation run_circuit returned unsuccessful result with status unknown
2025-06-13 12:57:31,734 - quantum_hardware.general - WARNING - Operation run_circuit returned unsuccessful result with status unknown
2025-06-13 12:57:31,795 - quantum_hardware.general - INFO - Registered backend: noisy_cirq_simulator
2025-06-13 12:57:31,795 - quantum_hardware.general - INFO - Registered backend: noisy_cirq_simulator
2025-06-13 12:57:31,795 - quantum_hardware.general - INFO - Completed operation: get_backend_noisy_cirq_simulator in 0.0000s
2025-06-13 12:57:31,795 - quantum_hardware.general - INFO - Completed operation: get_backend_noisy_cirq_simulator in 0.0000s
2025-06-13 12:57:31,795 - quantum_hardware.general - INFO - Completed operation: get_backend_cirq_simulator in 0.0000s
2025-06-13 12:57:31,795 - quantum_hardware.general - INFO - Completed operation: get_backend_cirq_simulator in 0.0000s
2025-06-13 12:57:31,796 - quantum_hardware.general - INFO - Executing circuit on backend: cirq_simulator, Qubits: 2, Depth: 3, Reps: 1000
2025-06-13 12:57:31,796 - quantum_hardware.general - INFO - Executing circuit on backend: cirq_simulator, Qubits: 2, Depth: 3, Reps: 1000
2025-06-13 12:57:31,797 - quantum_hardware.general - INFO - Circuit execution successful on cirq_simulator: 2 qubits, 3 depth, 1000 shots, 0.0014s
2025-06-13 12:57:31,797 - quantum_hardware.general - INFO - Circuit execution successful on cirq_simulator: 2 qubits, 3 depth, 1000 shots, 0.0014s
2025-06-13 12:57:31,797 - quantum_hardware.general - INFO - Completed operation: run_circuit_cirq_simulator in 0.0015s
2025-06-13 12:57:31,797 - quantum_hardware.general - INFO - Completed operation: run_circuit_cirq_simulator in 0.0015s
2025-06-13 12:57:31,797 - quantum_hardware.general - WARNING - Operation run_circuit returned unsuccessful result with status unknown
2025-06-13 12:57:31,797 - quantum_hardware.general - WARNING - Operation run_circuit returned unsuccessful result with status unknown
2025-06-13 12:57:31,797 - quantum_hardware.general - ERROR - hardware - unknown_error: Backend cirq_simulator is not available: error
2025-06-13 12:57:31,797 - quantum_hardware.general - ERROR - hardware - unknown_error: Backend cirq_simulator is not available: error
2025-06-13 12:57:31,797 - quantum_hardware.general - ERROR - Circuit execution failed on cirq_simulator: unknown_error: Backend cirq_simulator is not available: error
2025-06-13 12:57:31,797 - quantum_hardware.general - ERROR - Circuit execution failed on cirq_simulator: unknown_error: Backend cirq_simulator is not available: error
2025-06-13 12:57:31,797 - quantum_hardware.general - INFO - Completed operation: run_circuit_cirq_simulator in 0.0002s
2025-06-13 12:57:31,797 - quantum_hardware.general - INFO - Completed operation: run_circuit_cirq_simulator in 0.0002s
2025-06-13 12:57:31,809 - quantum_hardware.general - INFO - Completed operation: get_backend_cirq_simulator in 0.0000s
2025-06-13 12:57:31,809 - quantum_hardware.general - INFO - Completed operation: get_backend_cirq_simulator in 0.0000s
2025-06-13 12:57:31,810 - quantum_hardware.general - INFO - Completed operation: get_device_properties_cirq_simulator in 0.0003s
2025-06-13 12:57:31,810 - quantum_hardware.general - INFO - Completed operation: get_device_properties_cirq_simulator in 0.0003s
2025-06-13 12:57:31,810 - quantum_hardware.general - INFO - Completed operation: get_backend_noisy_cirq_simulator in 0.0000s
2025-06-13 12:57:31,810 - quantum_hardware.general - INFO - Completed operation: get_backend_noisy_cirq_simulator in 0.0000s
2025-06-13 12:57:31,811 - quantum_hardware.general - INFO - Completed operation: get_device_properties_cirq_simulator in 0.0002s
2025-06-13 12:57:31,811 - quantum_hardware.general - INFO - Completed operation: get_device_properties_cirq_simulator in 0.0002s
2025-06-13 12:57:31,812 - quantum_hardware.general - INFO - Executing circuit on backend: cirq_simulator, Qubits: 2, Depth: 7, Reps: 1000
2025-06-13 12:57:31,812 - quantum_hardware.general - INFO - Executing circuit on backend: cirq_simulator, Qubits: 2, Depth: 7, Reps: 1000
2025-06-13 12:57:31,813 - quantum_hardware.general - INFO - Circuit execution successful on cirq_simulator: 2 qubits, 7 depth, 1000 shots, 0.0001s
2025-06-13 12:57:31,813 - quantum_hardware.general - INFO - Circuit execution successful on cirq_simulator: 2 qubits, 7 depth, 1000 shots, 0.0001s
2025-06-13 12:57:31,813 - quantum_hardware.general - INFO - Completed operation: run_circuit_cirq_simulator in 0.0003s
2025-06-13 12:57:31,813 - quantum_hardware.general - INFO - Completed operation: run_circuit_cirq_simulator in 0.0003s
2025-06-13 12:57:31,813 - quantum_hardware.general - WARNING - Operation run_circuit returned unsuccessful result with status unknown
2025-06-13 12:57:31,813 - quantum_hardware.general - WARNING - Operation run_circuit returned unsuccessful result with status unknown
2025-06-13 12:57:31,814 - quantum_hardware.general - INFO - Completed operation: get_statevector_cirq_simulator in 0.0000s
2025-06-13 12:57:31,814 - quantum_hardware.general - INFO - Completed operation: get_statevector_cirq_simulator in 0.0000s
2025-06-13 12:57:31,814 - quantum_hardware.general - ERROR - hardware - unknown_error: Error getting statevector: Circuit must not contain measurements for statevector simulation.
2025-06-13 12:57:31,814 - quantum_hardware.general - ERROR - hardware - unknown_error: Error getting statevector: Circuit must not contain measurements for statevector simulation.
2025-06-13 12:57:31,814 - quantum_hardware.general - INFO - Completed operation: get_device_properties_cirq_simulator in 0.0001s
2025-06-13 12:57:31,814 - quantum_hardware.general - INFO - Completed operation: get_device_properties_cirq_simulator in 0.0001s
2025-06-13 12:57:31,816 - quantum_hardware.general - ERROR - Calibration standard_readout failed on cirq_simulator
2025-06-13 12:57:31,816 - quantum_hardware.general - ERROR - Calibration standard_readout failed on cirq_simulator
2025-06-13 12:57:31,816 - quantum_hardware.general - INFO - Executing circuit on backend: cirq_simulator, Qubits: 5, Depth: 1, Reps: 100
2025-06-13 12:57:31,816 - quantum_hardware.general - INFO - Executing circuit on backend: cirq_simulator, Qubits: 5, Depth: 1, Reps: 100
2025-06-13 12:57:31,816 - quantum_hardware.general - INFO - Circuit execution successful on cirq_simulator: 5 qubits, 1 depth, 100 shots, 0.0008s
2025-06-13 12:57:31,816 - quantum_hardware.general - INFO - Circuit execution successful on cirq_simulator: 5 qubits, 1 depth, 100 shots, 0.0008s
2025-06-13 12:57:31,817 - quantum_hardware.general - INFO - Completed operation: run_circuit_cirq_simulator in 0.0008s
2025-06-13 12:57:31,817 - quantum_hardware.general - INFO - Completed operation: run_circuit_cirq_simulator in 0.0008s
2025-06-13 12:57:31,817 - quantum_hardware.general - WARNING - Operation run_circuit returned unsuccessful result with status unknown
2025-06-13 12:57:31,817 - quantum_hardware.general - WARNING - Operation run_circuit returned unsuccessful result with status unknown
2025-06-13 12:57:31,817 - quantum_hardware.general - ERROR - Calibration standard_readout failed on cirq_simulator
2025-06-13 12:57:31,817 - quantum_hardware.general - ERROR - Calibration standard_readout failed on cirq_simulator
2025-06-13 12:57:31,817 - quantum_hardware.general - INFO - Completed operation: calibrate_Enhanced Readout Error in 0.0012s
2025-06-13 12:57:31,817 - quantum_hardware.general - INFO - Completed operation: calibrate_Enhanced Readout Error in 0.0012s
2025-06-13 12:57:31,817 - quantum_hardware.general - ERROR - hardware - calibration_error: Readout error calibration failed: invalid literal for int() with base 2: 'execution_time'
2025-06-13 12:57:31,817 - quantum_hardware.general - ERROR - hardware - calibration_error: Readout error calibration failed: invalid literal for int() with base 2: 'execution_time'
2025-06-13 12:57:31,817 - quantum_hardware.general - INFO - Completed operation: mitigate_Dynamical Decoupling in 0.0000s
2025-06-13 12:57:31,817 - quantum_hardware.general - INFO - Completed operation: mitigate_Dynamical Decoupling in 0.0000s
2025-06-13 12:57:31,817 - quantum_hardware.general - INFO - Executing circuit on backend: cirq_simulator, Qubits: 2, Depth: 7, Reps: 1000
2025-06-13 12:57:31,817 - quantum_hardware.general - INFO - Executing circuit on backend: cirq_simulator, Qubits: 2, Depth: 7, Reps: 1000
2025-06-13 12:57:31,819 - quantum_hardware.general - INFO - Circuit execution successful on cirq_simulator: 2 qubits, 7 depth, 1000 shots, 0.0014s
2025-06-13 12:57:31,819 - quantum_hardware.general - INFO - Circuit execution successful on cirq_simulator: 2 qubits, 7 depth, 1000 shots, 0.0014s
2025-06-13 12:57:31,819 - quantum_hardware.general - INFO - Completed operation: run_circuit_cirq_simulator in 0.0015s
2025-06-13 12:57:31,819 - quantum_hardware.general - INFO - Completed operation: run_circuit_cirq_simulator in 0.0015s
2025-06-13 12:57:31,819 - quantum_hardware.general - WARNING - Operation run_circuit returned unsuccessful result with status unknown
2025-06-13 12:57:31,819 - quantum_hardware.general - WARNING - Operation run_circuit returned unsuccessful result with status unknown
2025-06-13 12:57:31,819 - quantum_hardware.general - INFO - Completed operation: mitigate_Zero Noise Extrapolation in 0.0003s
2025-06-13 12:57:31,819 - quantum_hardware.general - INFO - Completed operation: mitigate_Zero Noise Extrapolation in 0.0003s
2025-06-13 12:57:31,819 - quantum_hardware.general - INFO - Executing circuit on backend: cirq_simulator, Qubits: 2, Depth: 7, Reps: 1000
2025-06-13 12:57:31,819 - quantum_hardware.general - INFO - Executing circuit on backend: cirq_simulator, Qubits: 2, Depth: 7, Reps: 1000
2025-06-13 12:57:31,821 - quantum_hardware.general - INFO - Circuit execution successful on cirq_simulator: 2 qubits, 7 depth, 1000 shots, 0.0013s
2025-06-13 12:57:31,821 - quantum_hardware.general - INFO - Circuit execution successful on cirq_simulator: 2 qubits, 7 depth, 1000 shots, 0.0013s
2025-06-13 12:57:31,821 - quantum_hardware.general - INFO - Completed operation: run_circuit_cirq_simulator in 0.0014s
2025-06-13 12:57:31,821 - quantum_hardware.general - INFO - Completed operation: run_circuit_cirq_simulator in 0.0014s
2025-06-13 12:57:31,821 - quantum_hardware.general - WARNING - Operation run_circuit returned unsuccessful result with status unknown
2025-06-13 12:57:31,821 - quantum_hardware.general - WARNING - Operation run_circuit returned unsuccessful result with status unknown
2025-06-13 12:57:31,821 - quantum_hardware.general - INFO - Executing circuit on backend: cirq_simulator, Qubits: 2, Depth: 13, Reps: 1000
2025-06-13 12:57:31,821 - quantum_hardware.general - INFO - Executing circuit on backend: cirq_simulator, Qubits: 2, Depth: 13, Reps: 1000
2025-06-13 12:57:31,823 - quantum_hardware.general - INFO - Circuit execution successful on cirq_simulator: 2 qubits, 13 depth, 1000 shots, 0.0024s
2025-06-13 12:57:31,823 - quantum_hardware.general - INFO - Circuit execution successful on cirq_simulator: 2 qubits, 13 depth, 1000 shots, 0.0024s
2025-06-13 12:57:31,823 - quantum_hardware.general - INFO - Completed operation: run_circuit_cirq_simulator in 0.0025s
2025-06-13 12:57:31,823 - quantum_hardware.general - INFO - Completed operation: run_circuit_cirq_simulator in 0.0025s
2025-06-13 12:57:31,824 - quantum_hardware.general - WARNING - Operation run_circuit returned unsuccessful result with status unknown
2025-06-13 12:57:31,824 - quantum_hardware.general - WARNING - Operation run_circuit returned unsuccessful result with status unknown
2025-06-13 12:57:31,824 - quantum_hardware.general - INFO - Executing circuit on backend: cirq_simulator, Qubits: 2, Depth: 19, Reps: 1000
2025-06-13 12:57:31,824 - quantum_hardware.general - INFO - Executing circuit on backend: cirq_simulator, Qubits: 2, Depth: 19, Reps: 1000
2025-06-13 12:57:31,826 - quantum_hardware.general - INFO - Circuit execution successful on cirq_simulator: 2 qubits, 19 depth, 1000 shots, 0.0020s
2025-06-13 12:57:31,826 - quantum_hardware.general - INFO - Circuit execution successful on cirq_simulator: 2 qubits, 19 depth, 1000 shots, 0.0020s
2025-06-13 12:57:31,826 - quantum_hardware.general - INFO - Completed operation: run_circuit_cirq_simulator in 0.0021s
2025-06-13 12:57:31,826 - quantum_hardware.general - INFO - Completed operation: run_circuit_cirq_simulator in 0.0021s
2025-06-13 12:57:31,826 - quantum_hardware.general - WARNING - Operation run_circuit returned unsuccessful result with status unknown
2025-06-13 12:57:31,826 - quantum_hardware.general - WARNING - Operation run_circuit returned unsuccessful result with status unknown
2025-06-13 12:57:31,830 - quantum_hardware.general - INFO - Completed operation: get_backend_cirq_simulator in 0.0000s
2025-06-13 12:57:31,830 - quantum_hardware.general - INFO - Completed operation: get_backend_cirq_simulator in 0.0000s
2025-06-13 12:57:31,830 - quantum_hardware.general - INFO - Executing circuit on backend: cirq_simulator, Qubits: 2, Depth: 7, Reps: 1000
2025-06-13 12:57:31,830 - quantum_hardware.general - INFO - Executing circuit on backend: cirq_simulator, Qubits: 2, Depth: 7, Reps: 1000
2025-06-13 12:57:31,831 - quantum_hardware.general - INFO - Circuit execution successful on cirq_simulator: 2 qubits, 7 depth, 1000 shots, 0.0013s
2025-06-13 12:57:31,831 - quantum_hardware.general - INFO - Circuit execution successful on cirq_simulator: 2 qubits, 7 depth, 1000 shots, 0.0013s
2025-06-13 12:57:31,831 - quantum_hardware.general - INFO - Completed operation: run_circuit_cirq_simulator in 0.0014s
2025-06-13 12:57:31,831 - quantum_hardware.general - INFO - Completed operation: run_circuit_cirq_simulator in 0.0014s
2025-06-13 12:57:31,832 - quantum_hardware.general - WARNING - Operation run_circuit returned unsuccessful result with status unknown
2025-06-13 12:57:31,832 - quantum_hardware.general - WARNING - Operation run_circuit returned unsuccessful result with status unknown
2025-06-13 12:57:31,832 - quantum_hardware.general - INFO - Completed operation: enhanced_execute_with_hardware in 0.0016s
2025-06-13 12:57:31,832 - quantum_hardware.general - INFO - Completed operation: enhanced_execute_with_hardware in 0.0016s
2025-06-13 12:57:31,832 - quantum_hardware.general - INFO - Completed operation: get_backend_cirq_simulator in 0.0000s
2025-06-13 12:57:31,832 - quantum_hardware.general - INFO - Completed operation: get_backend_cirq_simulator in 0.0000s
2025-06-13 12:57:31,832 - quantum_hardware.general - INFO - Executing circuit on backend: cirq_simulator, Qubits: 2, Depth: 7, Reps: 1000
2025-06-13 12:57:31,832 - quantum_hardware.general - INFO - Executing circuit on backend: cirq_simulator, Qubits: 2, Depth: 7, Reps: 1000
2025-06-13 12:57:31,833 - quantum_hardware.general - INFO - Circuit execution successful on cirq_simulator: 2 qubits, 7 depth, 1000 shots, 0.0013s
2025-06-13 12:57:31,833 - quantum_hardware.general - INFO - Circuit execution successful on cirq_simulator: 2 qubits, 7 depth, 1000 shots, 0.0013s
2025-06-13 12:57:31,833 - quantum_hardware.general - INFO - Completed operation: run_circuit_cirq_simulator in 0.0014s
2025-06-13 12:57:31,833 - quantum_hardware.general - INFO - Completed operation: run_circuit_cirq_simulator in 0.0014s
2025-06-13 12:57:31,834 - quantum_hardware.general - WARNING - Operation run_circuit returned unsuccessful result with status unknown
2025-06-13 12:57:31,834 - quantum_hardware.general - WARNING - Operation run_circuit returned unsuccessful result with status unknown
2025-06-13 12:57:31,834 - quantum_hardware.general - INFO - Completed operation: enhanced_execute_with_hardware in 0.0019s
2025-06-13 12:57:31,834 - quantum_hardware.general - INFO - Completed operation: enhanced_execute_with_hardware in 0.0019s
2025-06-13 12:57:31,834 - quantum_hardware.general - ERROR - hardware - unknown_error: 'EnhancedExecutionResult' object has no attribute 'get'
2025-06-13 12:57:31,834 - quantum_hardware.general - ERROR - hardware - unknown_error: 'EnhancedExecutionResult' object has no attribute 'get'
2025-06-13 12:57:31,834 - quantum_hardware.general - ERROR - Exception details: 'EnhancedExecutionResult' object has no attribute 'get'
2025-06-13 12:57:31,834 - quantum_hardware.general - ERROR - Exception details: 'EnhancedExecutionResult' object has no attribute 'get'
2025-06-13 12:57:31,835 - quantum_hardware.general - INFO - Executing circuit on backend: cirq_simulator, Qubits: 5, Depth: 9, Reps: 1000
2025-06-13 12:57:31,835 - quantum_hardware.general - INFO - Executing circuit on backend: cirq_simulator, Qubits: 5, Depth: 9, Reps: 1000
2025-06-13 12:57:31,837 - quantum_hardware.general - INFO - Circuit execution successful on cirq_simulator: 5 qubits, 9 depth, 1000 shots, 0.0023s
2025-06-13 12:57:31,837 - quantum_hardware.general - INFO - Circuit execution successful on cirq_simulator: 5 qubits, 9 depth, 1000 shots, 0.0023s
2025-06-13 12:57:31,837 - quantum_hardware.general - INFO - Completed operation: run_circuit_cirq_simulator in 0.0024s
2025-06-13 12:57:31,837 - quantum_hardware.general - INFO - Completed operation: run_circuit_cirq_simulator in 0.0024s
2025-06-13 12:57:31,837 - quantum_hardware.general - WARNING - Operation run_circuit returned unsuccessful result with status unknown
2025-06-13 12:57:31,837 - quantum_hardware.general - WARNING - Operation run_circuit returned unsuccessful result with status unknown
2025-06-13 12:57:31,837 - quantum_hardware.general - INFO - Completed operation: enhanced_execute_with_hardware in 0.0025s
2025-06-13 12:57:31,837 - quantum_hardware.general - INFO - Completed operation: enhanced_execute_with_hardware in 0.0025s
2025-06-13 12:57:31,838 - quantum_hardware.general - ERROR - error_handler - ValueError: Validation error: Test value error
2025-06-13 12:57:31,838 - quantum_hardware.general - ERROR - error_handler - ValueError: Validation error: Test value error
2025-06-13 12:57:31,838 - quantum_hardware.general - ERROR - Exception details: Test value error
2025-06-13 12:57:31,838 - quantum_hardware.general - ERROR - Exception details: Test value error
2025-06-13 12:57:31,838 - quantum_hardware.general - ERROR - hardware - validation_error: Test value error
2025-06-13 12:57:31,838 - quantum_hardware.general - ERROR - hardware - validation_error: Test value error
2025-06-13 12:57:31,838 - quantum_hardware.general - ERROR - Exception details: Test value error
2025-06-13 12:57:31,838 - quantum_hardware.general - ERROR - Exception details: Test value error
2025-06-13 12:57:31,838 - quantum_hardware.general - ERROR - error_handler - ConnectionError: Connection error: Test connection error
2025-06-13 12:57:31,838 - quantum_hardware.general - ERROR - error_handler - ConnectionError: Connection error: Test connection error
2025-06-13 12:57:31,838 - quantum_hardware.general - ERROR - Exception details: Test connection error
2025-06-13 12:57:31,838 - quantum_hardware.general - ERROR - Exception details: Test connection error
2025-06-13 12:57:31,838 - quantum_hardware.general - ERROR - hardware - connection_error: Failed to connect to quantum hardware: Test connection error
2025-06-13 12:57:31,838 - quantum_hardware.general - ERROR - hardware - connection_error: Failed to connect to quantum hardware: Test connection error
2025-06-13 12:57:31,839 - quantum_hardware.general - ERROR - Exception details: Test connection error
2025-06-13 12:57:31,839 - quantum_hardware.general - ERROR - Exception details: Test connection error
2025-06-13 12:57:31,839 - quantum_hardware.general - ERROR - error_handler - ConnectionError: Connection error: Test timeout error
2025-06-13 12:57:31,839 - quantum_hardware.general - ERROR - error_handler - ConnectionError: Connection error: Test timeout error
2025-06-13 12:57:31,839 - quantum_hardware.general - ERROR - Exception details: Test timeout error
2025-06-13 12:57:31,839 - quantum_hardware.general - ERROR - Exception details: Test timeout error
2025-06-13 12:57:31,839 - quantum_hardware.general - ERROR - hardware - connection_error: Failed to connect to quantum hardware: Test timeout error
2025-06-13 12:57:31,839 - quantum_hardware.general - ERROR - hardware - connection_error: Failed to connect to quantum hardware: Test timeout error
2025-06-13 12:57:31,839 - quantum_hardware.general - ERROR - Exception details: Test timeout error
2025-06-13 12:57:31,839 - quantum_hardware.general - ERROR - Exception details: Test timeout error
2025-06-13 12:57:31,839 - quantum_hardware.general - ERROR - error_handler - MemoryError: Out of memory during quantum operation
2025-06-13 12:57:31,839 - quantum_hardware.general - ERROR - error_handler - MemoryError: Out of memory during quantum operation
2025-06-13 12:57:31,839 - quantum_hardware.general - ERROR - hardware - resource_error: Out of memory. Try reducing circuit size or number of qubits.
2025-06-13 12:57:31,839 - quantum_hardware.general - ERROR - hardware - resource_error: Out of memory. Try reducing circuit size or number of qubits.
2025-06-13 12:57:31,839 - quantum_hardware.general - ERROR - error_handler - ConnectionError: Connection error: Test permission error
2025-06-13 12:57:31,839 - quantum_hardware.general - ERROR - error_handler - ConnectionError: Connection error: Test permission error
2025-06-13 12:57:31,839 - quantum_hardware.general - ERROR - Exception details: Test permission error
2025-06-13 12:57:31,839 - quantum_hardware.general - ERROR - Exception details: Test permission error
2025-06-13 12:57:31,839 - quantum_hardware.general - ERROR - hardware - connection_error: Failed to connect to quantum hardware: Test permission error
2025-06-13 12:57:31,839 - quantum_hardware.general - ERROR - hardware - connection_error: Failed to connect to quantum hardware: Test permission error
2025-06-13 12:57:31,840 - quantum_hardware.general - ERROR - Exception details: Test permission error
2025-06-13 12:57:31,840 - quantum_hardware.general - ERROR - Exception details: Test permission error
2025-06-13 12:57:31,840 - quantum_hardware.general - ERROR - error_handler - Exception: Unexpected error in quantum operation: 'Test key error'
2025-06-13 12:57:31,840 - quantum_hardware.general - ERROR - error_handler - Exception: Unexpected error in quantum operation: 'Test key error'
2025-06-13 12:57:31,840 - quantum_hardware.general - ERROR - Exception details: 'Test key error'
2025-06-13 12:57:31,840 - quantum_hardware.general - ERROR - Exception details: 'Test key error'
2025-06-13 12:57:31,841 - quantum_hardware.general - ERROR - hardware - internal_error: Unexpected error during quantum operation: 'Test key error'
2025-06-13 12:57:31,841 - quantum_hardware.general - ERROR - hardware - internal_error: Unexpected error during quantum operation: 'Test key error'
2025-06-13 12:57:31,841 - quantum_hardware.general - ERROR - Exception details: 'Test key error'
2025-06-13 12:57:31,841 - quantum_hardware.general - ERROR - Exception details: 'Test key error'
2025-06-13 12:57:31,841 - quantum_hardware.general - ERROR - error_handler - Exception: Error in function function_that_fails: Simulated failure in processing
2025-06-13 12:57:31,841 - quantum_hardware.general - ERROR - error_handler - Exception: Error in function function_that_fails: Simulated failure in processing
2025-06-13 12:57:31,841 - quantum_hardware.general - ERROR - Exception details: Simulated failure in processing
2025-06-13 12:57:31,841 - quantum_hardware.general - ERROR - Exception details: Simulated failure in processing
2025-06-13 12:57:31,842 - quantum_hardware.general - ERROR - hardware - unknown_error: Backend TestFailingBackend is not available: error
2025-06-13 12:57:31,842 - quantum_hardware.general - ERROR - hardware - unknown_error: Backend TestFailingBackend is not available: error
2025-06-13 12:57:31,842 - quantum_hardware.general - ERROR - Circuit execution failed on TestFailingBackend: unknown_error: Backend TestFailingBackend is not available: error
2025-06-13 12:57:31,842 - quantum_hardware.general - ERROR - Circuit execution failed on TestFailingBackend: unknown_error: Backend TestFailingBackend is not available: error
2025-06-13 12:57:31,842 - quantum_hardware.general - INFO - Completed operation: run_circuit_TestFailingBackend in 0.0001s
2025-06-13 12:57:31,842 - quantum_hardware.general - INFO - Completed operation: run_circuit_TestFailingBackend in 0.0001s
2025-06-13 12:57:31,842 - quantum_hardware.general - ERROR - hardware - unknown_error: Backend TestFailingBackend is not available: error
2025-06-13 12:57:31,842 - quantum_hardware.general - ERROR - hardware - unknown_error: Backend TestFailingBackend is not available: error
2025-06-13 12:57:31,842 - quantum_hardware.general - ERROR - Circuit execution failed on TestFailingBackend: unknown_error: Backend TestFailingBackend is not available: error
2025-06-13 12:57:31,842 - quantum_hardware.general - ERROR - Circuit execution failed on TestFailingBackend: unknown_error: Backend TestFailingBackend is not available: error
2025-06-13 12:57:31,842 - quantum_hardware.general - INFO - Completed operation: run_circuit_TestFailingBackend in 0.0001s
2025-06-13 12:57:31,842 - quantum_hardware.general - INFO - Completed operation: run_circuit_TestFailingBackend in 0.0001s
2025-06-13 12:57:34,825 - quantum_hardware.general - INFO - Completed operation: get_backend_cirq_simulator in 0.0000s
2025-06-13 12:57:34,825 - quantum_hardware.general - INFO - Completed operation: get_backend_cirq_simulator in 0.0000s
2025-06-13 12:57:34,827 - quantum_hardware.general - INFO - Executing circuit on backend: cirq_simulator, Qubits: 4, Depth: 9, Reps: 1000
2025-06-13 12:57:34,827 - quantum_hardware.general - INFO - Executing circuit on backend: cirq_simulator, Qubits: 4, Depth: 9, Reps: 1000
2025-06-13 12:57:34,827 - quantum_hardware.general - ERROR - Circuit execution failed on cirq_simulator: Circuit must contain measurement operations to run.
2025-06-13 12:57:34,827 - quantum_hardware.general - ERROR - Circuit execution failed on cirq_simulator: Circuit must contain measurement operations to run.
2025-06-13 12:57:34,827 - quantum_hardware.general - INFO - Completed operation: run_circuit_cirq_simulator in 0.0001s
2025-06-13 12:57:34,827 - quantum_hardware.general - INFO - Completed operation: run_circuit_cirq_simulator in 0.0001s
2025-06-13 12:57:34,827 - quantum_hardware.general - ERROR - hardware - unknown_error: Error during circuit execution: Circuit must contain measurement operations to run.
2025-06-13 12:57:34,827 - quantum_hardware.general - ERROR - hardware - unknown_error: Error during circuit execution: Circuit must contain measurement operations to run.
2025-06-13 12:57:34,827 - quantum_hardware.general - INFO - Completed operation: enhanced_execute_with_hardware in 0.0002s
2025-06-13 12:57:34,827 - quantum_hardware.general - INFO - Completed operation: enhanced_execute_with_hardware in 0.0002s
2025-06-13 12:57:34,827 - quantum_hardware.general - ERROR - hardware - unknown_error: Hardware error during energy calculation: unknown_error: Error during circuit execution: Circuit must contain measurement operations to run.
2025-06-13 12:57:34,827 - quantum_hardware.general - ERROR - hardware - unknown_error: Hardware error during energy calculation: unknown_error: Error during circuit execution: Circuit must contain measurement operations to run.
2025-06-13 12:57:34,828 - quantum_hardware.general - INFO - Executing circuit on backend: cirq_simulator, Qubits: 4, Depth: 9, Reps: 1000
2025-06-13 12:57:34,828 - quantum_hardware.general - INFO - Executing circuit on backend: cirq_simulator, Qubits: 4, Depth: 9, Reps: 1000
2025-06-13 12:57:34,828 - quantum_hardware.general - ERROR - Circuit execution failed on cirq_simulator: Circuit must contain measurement operations to run.
2025-06-13 12:57:34,828 - quantum_hardware.general - ERROR - Circuit execution failed on cirq_simulator: Circuit must contain measurement operations to run.
2025-06-13 12:57:34,828 - quantum_hardware.general - INFO - Completed operation: run_circuit_cirq_simulator in 0.0001s
2025-06-13 12:57:34,828 - quantum_hardware.general - INFO - Completed operation: run_circuit_cirq_simulator in 0.0001s
2025-06-13 12:57:34,828 - quantum_hardware.general - ERROR - hardware - unknown_error: Error during circuit execution: Circuit must contain measurement operations to run.
2025-06-13 12:57:34,828 - quantum_hardware.general - ERROR - hardware - unknown_error: Error during circuit execution: Circuit must contain measurement operations to run.
2025-06-13 12:57:34,828 - quantum_hardware.general - INFO - Completed operation: enhanced_execute_with_hardware in 0.0002s
2025-06-13 12:57:34,828 - quantum_hardware.general - INFO - Completed operation: enhanced_execute_with_hardware in 0.0002s
2025-06-13 12:57:34,828 - quantum_hardware.general - ERROR - hardware - unknown_error: Hardware error during energy calculation: unknown_error: Error during circuit execution: Circuit must contain measurement operations to run.
2025-06-13 12:57:34,828 - quantum_hardware.general - ERROR - hardware - unknown_error: Hardware error during energy calculation: unknown_error: Error during circuit execution: Circuit must contain measurement operations to run.
