2025-04-04 18:51:54,825 - quantum_hardware.general - DEBUG - Started operation: run_circuit_Mock Simulator
2025-04-04 18:51:54,825 - quantum_hardware.general - DEBUG - Started operation: run_circuit_Mock Simulator
2025-04-04 18:51:54,825 - quantum_hardware.general - ERROR - Circuit execution failed on Mock Simulator: 'NoneType' object has no attribute 'get'
2025-04-04 18:51:54,825 - quantum_hardware.general - ERROR - Circuit execution failed on Mock Simulator: 'NoneType' object has no attribute 'get'
2025-04-04 18:51:54,825 - quantum_hardware.general - DEBUG - Circuit execution details: {"backend": "Mock Simulator", "n_qubits": 2, "circuit_depth": 3, "shots": 1000, "success": false, "execution_time": 3.981590270996094e-05, "error_data": {"message": "'NoneType' object has no attribute 'get'", "type": "AttributeError"}}
2025-04-04 18:51:54,825 - quantum_hardware.general - DEBUG - Circuit execution details: {"backend": "Mock Simulator", "n_qubits": 2, "circuit_depth": 3, "shots": 1000, "success": false, "execution_time": 3.981590270996094e-05, "error_data": {"message": "'NoneType' object has no attribute 'get'", "type": "AttributeError"}}
2025-04-04 18:51:54,825 - quantum_hardware.general - INFO - Completed operation: run_circuit_Mock Simulator in 0.0004s
2025-04-04 18:51:54,825 - quantum_hardware.general - INFO - Completed operation: run_circuit_Mock Simulator in 0.0004s
2025-04-04 18:51:54,825 - quantum_hardware.general - DEBUG - Operation metadata: {"success": false, "error": "'NoneType' object has no attribute 'get'", "execution_time": 3.981590270996094e-05, "backend": "Mock Simulator", "circuit_qubits": 2, "circuit_depth": 3, "repetitions": 1000, "error_mitigation": null}
2025-04-04 18:51:54,825 - quantum_hardware.general - DEBUG - Operation metadata: {"success": false, "error": "'NoneType' object has no attribute 'get'", "execution_time": 3.981590270996094e-05, "backend": "Mock Simulator", "circuit_qubits": 2, "circuit_depth": 3, "repetitions": 1000, "error_mitigation": null}
2025-04-04 18:51:54,825 - quantum_hardware.general - ERROR - hardware - unknown_error: 'NoneType' object has no attribute 'get'
2025-04-04 18:51:54,825 - quantum_hardware.general - ERROR - hardware - unknown_error: 'NoneType' object has no attribute 'get'
2025-04-04 18:51:54,825 - quantum_hardware.general - ERROR - Exception details: 'NoneType' object has no attribute 'get'
2025-04-04 18:51:54,825 - quantum_hardware.general - ERROR - Exception details: 'NoneType' object has no attribute 'get'
2025-04-04 18:51:54,825 - quantum_hardware.general - DEBUG - Error details: {"component": "hardware", "error_type": "unknown_error", "message": "'NoneType' object has no attribute 'get'", "timestamp": "2025-04-04T18:51:54.825903", "exception": "'NoneType' object has no attribute 'get'", "exception_type": "AttributeError"}
2025-04-04 18:51:54,825 - quantum_hardware.general - DEBUG - Error details: {"component": "hardware", "error_type": "unknown_error", "message": "'NoneType' object has no attribute 'get'", "timestamp": "2025-04-04T18:51:54.825903", "exception": "'NoneType' object has no attribute 'get'", "exception_type": "AttributeError"}
2025-04-04 18:51:54,826 - quantum_hardware.general - DEBUG - Started operation: get_statevector_Mock Simulator
2025-04-04 18:51:54,826 - quantum_hardware.general - DEBUG - Started operation: get_statevector_Mock Simulator
2025-04-04 18:51:54,826 - quantum_hardware.general - INFO - Completed operation: get_statevector_Mock Simulator in 0.0008s
2025-04-04 18:51:54,826 - quantum_hardware.general - INFO - Completed operation: get_statevector_Mock Simulator in 0.0008s
2025-04-04 18:51:54,826 - quantum_hardware.general - DEBUG - Operation metadata: {"success": true, "execution_time": 0.0007228851318359375, "backend": "Mock Simulator", "circuit_qubits": 2, "circuit_depth": 3}
2025-04-04 18:51:54,826 - quantum_hardware.general - DEBUG - Operation metadata: {"success": true, "execution_time": 0.0007228851318359375, "backend": "Mock Simulator", "circuit_qubits": 2, "circuit_depth": 3}
2025-04-04 18:51:54,827 - quantum_hardware.general - DEBUG - Started operation: calibrate_Enhanced Readout Error
2025-04-04 18:51:54,827 - quantum_hardware.general - DEBUG - Started operation: calibrate_Enhanced Readout Error
2025-04-04 18:51:54,827 - quantum_hardware.general - ERROR - Calibration standard_readout failed on Readout Calibration Mock
2025-04-04 18:51:54,827 - quantum_hardware.general - ERROR - Calibration standard_readout failed on Readout Calibration Mock
2025-04-04 18:51:54,827 - quantum_hardware.general - DEBUG - Calibration details: {"backend": "Readout Calibration Mock", "calibration_type": "standard_readout", "qubits": [0, 1], "success": false, "timestamp": "2025-04-04T18:51:54.827418", "metrics": {"n_qubits": 2, "shots": 100}}
2025-04-04 18:51:54,827 - quantum_hardware.general - DEBUG - Calibration details: {"backend": "Readout Calibration Mock", "calibration_type": "standard_readout", "qubits": [0, 1], "success": false, "timestamp": "2025-04-04T18:51:54.827418", "metrics": {"n_qubits": 2, "shots": 100}}
2025-04-04 18:51:54,827 - quantum_hardware.general - DEBUG - Started operation: run_circuit_Readout Calibration Mock
2025-04-04 18:51:54,827 - quantum_hardware.general - DEBUG - Started operation: run_circuit_Readout Calibration Mock
2025-04-04 18:51:54,827 - quantum_hardware.general - ERROR - Circuit execution failed on Readout Calibration Mock: 'NoneType' object has no attribute 'get'
2025-04-04 18:51:54,827 - quantum_hardware.general - ERROR - Circuit execution failed on Readout Calibration Mock: 'NoneType' object has no attribute 'get'
2025-04-04 18:51:54,827 - quantum_hardware.general - DEBUG - Circuit execution details: {"backend": "Readout Calibration Mock", "n_qubits": 2, "circuit_depth": 1, "shots": 100, "success": false, "execution_time": 1.0013580322265625e-05, "error_data": {"message": "'NoneType' object has no attribute 'get'", "type": "AttributeError"}}
2025-04-04 18:51:54,827 - quantum_hardware.general - DEBUG - Circuit execution details: {"backend": "Readout Calibration Mock", "n_qubits": 2, "circuit_depth": 1, "shots": 100, "success": false, "execution_time": 1.0013580322265625e-05, "error_data": {"message": "'NoneType' object has no attribute 'get'", "type": "AttributeError"}}
2025-04-04 18:51:54,827 - quantum_hardware.general - INFO - Completed operation: run_circuit_Readout Calibration Mock in 0.0001s
2025-04-04 18:51:54,827 - quantum_hardware.general - INFO - Completed operation: run_circuit_Readout Calibration Mock in 0.0001s
2025-04-04 18:51:54,827 - quantum_hardware.general - DEBUG - Operation metadata: {"success": false, "error": "'NoneType' object has no attribute 'get'", "execution_time": 1.0013580322265625e-05, "backend": "Readout Calibration Mock", "circuit_qubits": 2, "circuit_depth": 1, "repetitions": 100, "error_mitigation": null}
2025-04-04 18:51:54,827 - quantum_hardware.general - DEBUG - Operation metadata: {"success": false, "error": "'NoneType' object has no attribute 'get'", "execution_time": 1.0013580322265625e-05, "backend": "Readout Calibration Mock", "circuit_qubits": 2, "circuit_depth": 1, "repetitions": 100, "error_mitigation": null}
2025-04-04 18:51:54,827 - quantum_hardware.general - ERROR - hardware - unknown_error: 'NoneType' object has no attribute 'get'
2025-04-04 18:51:54,827 - quantum_hardware.general - ERROR - hardware - unknown_error: 'NoneType' object has no attribute 'get'
2025-04-04 18:51:54,827 - quantum_hardware.general - ERROR - Exception details: 'NoneType' object has no attribute 'get'
2025-04-04 18:51:54,827 - quantum_hardware.general - ERROR - Exception details: 'NoneType' object has no attribute 'get'
2025-04-04 18:51:54,827 - quantum_hardware.general - DEBUG - Error details: {"component": "hardware", "error_type": "unknown_error", "message": "'NoneType' object has no attribute 'get'", "timestamp": "2025-04-04T18:51:54.827727", "exception": "'NoneType' object has no attribute 'get'", "exception_type": "AttributeError"}
2025-04-04 18:51:54,827 - quantum_hardware.general - DEBUG - Error details: {"component": "hardware", "error_type": "unknown_error", "message": "'NoneType' object has no attribute 'get'", "timestamp": "2025-04-04T18:51:54.827727", "exception": "'NoneType' object has no attribute 'get'", "exception_type": "AttributeError"}
2025-04-04 18:51:54,827 - quantum_hardware.general - ERROR - Calibration standard_readout failed on Readout Calibration Mock
2025-04-04 18:51:54,827 - quantum_hardware.general - ERROR - Calibration standard_readout failed on Readout Calibration Mock
2025-04-04 18:51:54,828 - quantum_hardware.general - DEBUG - Calibration details: {"backend": "Readout Calibration Mock", "calibration_type": "standard_readout", "qubits": [0, 1], "success": false, "timestamp": "2025-04-04T18:51:54.827991", "metrics": {"error": "unknown_error: 'NoneType' object has no attribute 'get' (Backend: Readout Calibration Mock)"}, "duration": 0.000621795654296875}
2025-04-04 18:51:54,828 - quantum_hardware.general - DEBUG - Calibration details: {"backend": "Readout Calibration Mock", "calibration_type": "standard_readout", "qubits": [0, 1], "success": false, "timestamp": "2025-04-04T18:51:54.827991", "metrics": {"error": "unknown_error: 'NoneType' object has no attribute 'get' (Backend: Readout Calibration Mock)"}, "duration": 0.000621795654296875}
2025-04-04 18:51:54,828 - quantum_hardware.general - INFO - Completed operation: calibrate_Enhanced Readout Error in 0.0007s
2025-04-04 18:51:54,828 - quantum_hardware.general - INFO - Completed operation: calibrate_Enhanced Readout Error in 0.0007s
2025-04-04 18:51:54,828 - quantum_hardware.general - DEBUG - Operation metadata: {"success": false, "duration": 0.000621795654296875, "error": "unknown_error: 'NoneType' object has no attribute 'get' (Backend: Readout Calibration Mock)"}
2025-04-04 18:51:54,828 - quantum_hardware.general - DEBUG - Operation metadata: {"success": false, "duration": 0.000621795654296875, "error": "unknown_error: 'NoneType' object has no attribute 'get' (Backend: Readout Calibration Mock)"}
2025-04-04 18:51:54,828 - quantum_hardware.general - ERROR - hardware - calibration_error: Readout error calibration failed: unknown_error: 'NoneType' object has no attribute 'get' (Backend: Readout Calibration Mock)
2025-04-04 18:51:54,828 - quantum_hardware.general - ERROR - hardware - calibration_error: Readout error calibration failed: unknown_error: 'NoneType' object has no attribute 'get' (Backend: Readout Calibration Mock)
2025-04-04 18:51:54,828 - quantum_hardware.general - DEBUG - Error details: {"component": "hardware", "error_type": "calibration_error", "message": "Readout error calibration failed: unknown_error: 'NoneType' object has no attribute 'get' (Backend: Readout Calibration Mock)", "timestamp": "2025-04-04T18:51:54.828150"}
2025-04-04 18:51:54,828 - quantum_hardware.general - DEBUG - Error details: {"component": "hardware", "error_type": "calibration_error", "message": "Readout error calibration failed: unknown_error: 'NoneType' object has no attribute 'get' (Backend: Readout Calibration Mock)", "timestamp": "2025-04-04T18:51:54.828150"}
2025-04-04 18:51:54,828 - quantum_hardware.general - DEBUG - Started operation: mitigate_Dynamical Decoupling
2025-04-04 18:51:54,828 - quantum_hardware.general - DEBUG - Started operation: mitigate_Dynamical Decoupling
2025-04-04 18:51:54,828 - quantum_hardware.general - INFO - Completed operation: mitigate_Dynamical Decoupling in 0.0001s
2025-04-04 18:51:54,828 - quantum_hardware.general - INFO - Completed operation: mitigate_Dynamical Decoupling in 0.0001s
2025-04-04 18:51:54,828 - quantum_hardware.general - DEBUG - Operation metadata: {"success": true, "n_qubits": 2, "sequence_type": "XY4", "original_circuit_depth": 3, "mitigated_circuit_depth": 3}
2025-04-04 18:51:54,828 - quantum_hardware.general - DEBUG - Operation metadata: {"success": true, "n_qubits": 2, "sequence_type": "XY4", "original_circuit_depth": 3, "mitigated_circuit_depth": 3}
2025-04-04 18:51:54,828 - quantum_hardware.general - DEBUG - Started operation: run_circuit_Mock Simulator
2025-04-04 18:51:54,828 - quantum_hardware.general - DEBUG - Started operation: run_circuit_Mock Simulator
2025-04-04 18:51:54,828 - quantum_hardware.general - ERROR - Circuit execution failed on Mock Simulator: 'NoneType' object has no attribute 'get'
2025-04-04 18:51:54,828 - quantum_hardware.general - ERROR - Circuit execution failed on Mock Simulator: 'NoneType' object has no attribute 'get'
2025-04-04 18:51:54,828 - quantum_hardware.general - DEBUG - Circuit execution details: {"backend": "Mock Simulator", "n_qubits": 2, "circuit_depth": 3, "shots": 1000, "success": false, "execution_time": 1.5974044799804688e-05, "error_data": {"message": "'NoneType' object has no attribute 'get'", "type": "AttributeError"}}
2025-04-04 18:51:54,828 - quantum_hardware.general - DEBUG - Circuit execution details: {"backend": "Mock Simulator", "n_qubits": 2, "circuit_depth": 3, "shots": 1000, "success": false, "execution_time": 1.5974044799804688e-05, "error_data": {"message": "'NoneType' object has no attribute 'get'", "type": "AttributeError"}}
2025-04-04 18:51:54,828 - quantum_hardware.general - INFO - Completed operation: run_circuit_Mock Simulator in 0.0001s
2025-04-04 18:51:54,828 - quantum_hardware.general - INFO - Completed operation: run_circuit_Mock Simulator in 0.0001s
2025-04-04 18:51:54,828 - quantum_hardware.general - DEBUG - Operation metadata: {"success": false, "error": "'NoneType' object has no attribute 'get'", "execution_time": 1.5974044799804688e-05, "backend": "Mock Simulator", "circuit_qubits": 2, "circuit_depth": 3, "repetitions": 1000, "error_mitigation": null}
2025-04-04 18:51:54,828 - quantum_hardware.general - DEBUG - Operation metadata: {"success": false, "error": "'NoneType' object has no attribute 'get'", "execution_time": 1.5974044799804688e-05, "backend": "Mock Simulator", "circuit_qubits": 2, "circuit_depth": 3, "repetitions": 1000, "error_mitigation": null}
2025-04-04 18:51:54,828 - quantum_hardware.general - ERROR - hardware - unknown_error: 'NoneType' object has no attribute 'get'
2025-04-04 18:51:54,828 - quantum_hardware.general - ERROR - hardware - unknown_error: 'NoneType' object has no attribute 'get'
2025-04-04 18:51:54,829 - quantum_hardware.general - ERROR - Exception details: 'NoneType' object has no attribute 'get'
2025-04-04 18:51:54,829 - quantum_hardware.general - ERROR - Exception details: 'NoneType' object has no attribute 'get'
2025-04-04 18:51:54,829 - quantum_hardware.general - DEBUG - Error details: {"component": "hardware", "error_type": "unknown_error", "message": "'NoneType' object has no attribute 'get'", "timestamp": "2025-04-04T18:51:54.828957", "exception": "'NoneType' object has no attribute 'get'", "exception_type": "AttributeError"}
2025-04-04 18:51:54,829 - quantum_hardware.general - DEBUG - Error details: {"component": "hardware", "error_type": "unknown_error", "message": "'NoneType' object has no attribute 'get'", "timestamp": "2025-04-04T18:51:54.828957", "exception": "'NoneType' object has no attribute 'get'", "exception_type": "AttributeError"}
2025-04-04 18:51:54,829 - quantum_hardware.general - DEBUG - Started operation: mitigate_Zero Noise Extrapolation
2025-04-04 18:51:54,829 - quantum_hardware.general - DEBUG - Started operation: mitigate_Zero Noise Extrapolation
2025-04-04 18:51:54,829 - quantum_hardware.general - INFO - Completed operation: mitigate_Zero Noise Extrapolation in 0.0002s
2025-04-04 18:51:54,829 - quantum_hardware.general - INFO - Completed operation: mitigate_Zero Noise Extrapolation in 0.0002s
2025-04-04 18:51:54,829 - quantum_hardware.general - DEBUG - Operation metadata: {"success": true, "scale_factors": [1.0, 2.0, 3.0], "extrapolation_method": "linear", "n_circuits": 3}
2025-04-04 18:51:54,829 - quantum_hardware.general - DEBUG - Operation metadata: {"success": true, "scale_factors": [1.0, 2.0, 3.0], "extrapolation_method": "linear", "n_circuits": 3}
2025-04-04 18:51:54,829 - quantum_hardware.general - DEBUG - Started operation: run_circuit_Mock Simulator
2025-04-04 18:51:54,829 - quantum_hardware.general - DEBUG - Started operation: run_circuit_Mock Simulator
2025-04-04 18:51:54,829 - quantum_hardware.general - ERROR - Circuit execution failed on Mock Simulator: 'NoneType' object has no attribute 'get'
2025-04-04 18:51:54,829 - quantum_hardware.general - ERROR - Circuit execution failed on Mock Simulator: 'NoneType' object has no attribute 'get'
2025-04-04 18:51:54,829 - quantum_hardware.general - DEBUG - Circuit execution details: {"backend": "Mock Simulator", "n_qubits": 2, "circuit_depth": 3, "shots": 1000, "success": false, "execution_time": 1.5020370483398438e-05, "error_data": {"message": "'NoneType' object has no attribute 'get'", "type": "AttributeError"}}
2025-04-04 18:51:54,829 - quantum_hardware.general - DEBUG - Circuit execution details: {"backend": "Mock Simulator", "n_qubits": 2, "circuit_depth": 3, "shots": 1000, "success": false, "execution_time": 1.5020370483398438e-05, "error_data": {"message": "'NoneType' object has no attribute 'get'", "type": "AttributeError"}}
2025-04-04 18:51:54,829 - quantum_hardware.general - INFO - Completed operation: run_circuit_Mock Simulator in 0.0001s
2025-04-04 18:51:54,829 - quantum_hardware.general - INFO - Completed operation: run_circuit_Mock Simulator in 0.0001s
2025-04-04 18:51:54,829 - quantum_hardware.general - DEBUG - Operation metadata: {"success": false, "error": "'NoneType' object has no attribute 'get'", "execution_time": 1.5020370483398438e-05, "backend": "Mock Simulator", "circuit_qubits": 2, "circuit_depth": 3, "repetitions": 1000, "error_mitigation": null}
2025-04-04 18:51:54,829 - quantum_hardware.general - DEBUG - Operation metadata: {"success": false, "error": "'NoneType' object has no attribute 'get'", "execution_time": 1.5020370483398438e-05, "backend": "Mock Simulator", "circuit_qubits": 2, "circuit_depth": 3, "repetitions": 1000, "error_mitigation": null}
2025-04-04 18:51:54,829 - quantum_hardware.general - ERROR - hardware - unknown_error: 'NoneType' object has no attribute 'get'
2025-04-04 18:51:54,829 - quantum_hardware.general - ERROR - hardware - unknown_error: 'NoneType' object has no attribute 'get'
2025-04-04 18:51:54,829 - quantum_hardware.general - ERROR - Exception details: 'NoneType' object has no attribute 'get'
2025-04-04 18:51:54,829 - quantum_hardware.general - ERROR - Exception details: 'NoneType' object has no attribute 'get'
2025-04-04 18:51:54,829 - quantum_hardware.general - DEBUG - Error details: {"component": "hardware", "error_type": "unknown_error", "message": "'NoneType' object has no attribute 'get'", "timestamp": "2025-04-04T18:51:54.829683", "exception": "'NoneType' object has no attribute 'get'", "exception_type": "AttributeError"}
2025-04-04 18:51:54,829 - quantum_hardware.general - DEBUG - Error details: {"component": "hardware", "error_type": "unknown_error", "message": "'NoneType' object has no attribute 'get'", "timestamp": "2025-04-04T18:51:54.829683", "exception": "'NoneType' object has no attribute 'get'", "exception_type": "AttributeError"}
2025-04-04 18:51:54,830 - quantum_hardware.general - DEBUG - Started operation: run_circuit_Mock Simulator
2025-04-04 18:51:54,830 - quantum_hardware.general - DEBUG - Started operation: run_circuit_Mock Simulator
2025-04-04 18:51:54,830 - quantum_hardware.general - ERROR - Circuit execution failed on Mock Simulator: 'NoneType' object has no attribute 'get'
2025-04-04 18:51:54,830 - quantum_hardware.general - ERROR - Circuit execution failed on Mock Simulator: 'NoneType' object has no attribute 'get'
2025-04-04 18:51:54,830 - quantum_hardware.general - DEBUG - Circuit execution details: {"backend": "Mock Simulator", "n_qubits": 3, "circuit_depth": 2, "shots": 1000, "success": false, "execution_time": 1.2159347534179688e-05, "error_data": {"message": "'NoneType' object has no attribute 'get'", "type": "AttributeError"}}
2025-04-04 18:51:54,830 - quantum_hardware.general - DEBUG - Circuit execution details: {"backend": "Mock Simulator", "n_qubits": 3, "circuit_depth": 2, "shots": 1000, "success": false, "execution_time": 1.2159347534179688e-05, "error_data": {"message": "'NoneType' object has no attribute 'get'", "type": "AttributeError"}}
2025-04-04 18:51:54,830 - quantum_hardware.general - INFO - Completed operation: run_circuit_Mock Simulator in 0.0001s
2025-04-04 18:51:54,830 - quantum_hardware.general - INFO - Completed operation: run_circuit_Mock Simulator in 0.0001s
2025-04-04 18:51:54,830 - quantum_hardware.general - DEBUG - Operation metadata: {"success": false, "error": "'NoneType' object has no attribute 'get'", "execution_time": 1.2159347534179688e-05, "backend": "Mock Simulator", "circuit_qubits": 3, "circuit_depth": 2, "repetitions": 1000, "error_mitigation": null}
2025-04-04 18:51:54,830 - quantum_hardware.general - DEBUG - Operation metadata: {"success": false, "error": "'NoneType' object has no attribute 'get'", "execution_time": 1.2159347534179688e-05, "backend": "Mock Simulator", "circuit_qubits": 3, "circuit_depth": 2, "repetitions": 1000, "error_mitigation": null}
2025-04-04 18:51:54,830 - quantum_hardware.general - ERROR - hardware - unknown_error: 'NoneType' object has no attribute 'get'
2025-04-04 18:51:54,830 - quantum_hardware.general - ERROR - hardware - unknown_error: 'NoneType' object has no attribute 'get'
2025-04-04 18:51:54,830 - quantum_hardware.general - ERROR - Exception details: 'NoneType' object has no attribute 'get'
2025-04-04 18:51:54,830 - quantum_hardware.general - ERROR - Exception details: 'NoneType' object has no attribute 'get'
2025-04-04 18:51:54,830 - quantum_hardware.general - DEBUG - Error details: {"component": "hardware", "error_type": "unknown_error", "message": "'NoneType' object has no attribute 'get'", "timestamp": "2025-04-04T18:51:54.830566", "exception": "'NoneType' object has no attribute 'get'", "exception_type": "AttributeError"}
2025-04-04 18:51:54,830 - quantum_hardware.general - DEBUG - Error details: {"component": "hardware", "error_type": "unknown_error", "message": "'NoneType' object has no attribute 'get'", "timestamp": "2025-04-04T18:51:54.830566", "exception": "'NoneType' object has no attribute 'get'", "exception_type": "AttributeError"}
2025-04-04 18:51:54,830 - quantum_hardware.general - DEBUG - Started operation: run_circuit_Mock Failing Backend
2025-04-04 18:51:54,830 - quantum_hardware.general - DEBUG - Started operation: run_circuit_Mock Failing Backend
2025-04-04 18:51:54,830 - quantum_hardware.general - ERROR - hardware - unknown_error: Backend Mock Failing Backend is not available: error
2025-04-04 18:51:54,830 - quantum_hardware.general - ERROR - hardware - unknown_error: Backend Mock Failing Backend is not available: error
2025-04-04 18:51:54,830 - quantum_hardware.general - DEBUG - Error details: {"component": "hardware", "error_type": "unknown_error", "message": "Backend Mock Failing Backend is not available: error", "timestamp": "2025-04-04T18:51:54.830820"}
2025-04-04 18:51:54,830 - quantum_hardware.general - DEBUG - Error details: {"component": "hardware", "error_type": "unknown_error", "message": "Backend Mock Failing Backend is not available: error", "timestamp": "2025-04-04T18:51:54.830820"}
2025-04-04 18:51:54,830 - quantum_hardware.general - ERROR - Circuit execution failed on Mock Failing Backend: unknown_error: Backend Mock Failing Backend is not available: error
2025-04-04 18:51:54,830 - quantum_hardware.general - ERROR - Circuit execution failed on Mock Failing Backend: unknown_error: Backend Mock Failing Backend is not available: error
2025-04-04 18:51:54,830 - quantum_hardware.general - DEBUG - Circuit execution details: {"backend": "Mock Failing Backend", "n_qubits": 1, "circuit_depth": 2, "shots": 100, "success": false, "execution_time": 6.985664367675781e-05, "error_data": {"message": "unknown_error: Backend Mock Failing Backend is not available: error", "type": "QuantumHardwareError"}}
2025-04-04 18:51:54,830 - quantum_hardware.general - DEBUG - Circuit execution details: {"backend": "Mock Failing Backend", "n_qubits": 1, "circuit_depth": 2, "shots": 100, "success": false, "execution_time": 6.985664367675781e-05, "error_data": {"message": "unknown_error: Backend Mock Failing Backend is not available: error", "type": "QuantumHardwareError"}}
2025-04-04 18:51:54,830 - quantum_hardware.general - INFO - Completed operation: run_circuit_Mock Failing Backend in 0.0002s
2025-04-04 18:51:54,830 - quantum_hardware.general - INFO - Completed operation: run_circuit_Mock Failing Backend in 0.0002s
2025-04-04 18:51:54,831 - quantum_hardware.general - DEBUG - Operation metadata: {"success": false, "error": "unknown_error: Backend Mock Failing Backend is not available: error", "execution_time": 6.985664367675781e-05, "backend": "Mock Failing Backend", "circuit_qubits": 1, "circuit_depth": 2, "repetitions": 100, "error_mitigation": null}
2025-04-04 18:51:54,831 - quantum_hardware.general - DEBUG - Operation metadata: {"success": false, "error": "unknown_error: Backend Mock Failing Backend is not available: error", "execution_time": 6.985664367675781e-05, "backend": "Mock Failing Backend", "circuit_qubits": 1, "circuit_depth": 2, "repetitions": 100, "error_mitigation": null}
2025-04-04 18:51:54,831 - quantum_hardware.general - DEBUG - Started operation: enhanced_execute_with_hardware
2025-04-04 18:51:54,831 - quantum_hardware.general - DEBUG - Started operation: enhanced_execute_with_hardware
2025-04-04 18:51:54,831 - quantum_hardware.general - ERROR - hardware - unknown_error: Backend Mock Failing Backend is not available: error
2025-04-04 18:51:54,831 - quantum_hardware.general - ERROR - hardware - unknown_error: Backend Mock Failing Backend is not available: error
2025-04-04 18:51:54,831 - quantum_hardware.general - ERROR - hardware - unknown_error: Backend Mock Failing Backend is not available: error
2025-04-04 18:51:54,831 - quantum_hardware.general - ERROR - Circuit execution failed on Mock Failing Backend: unknown_error: Backend Mock Failing Backend is not available: error
2025-04-04 18:51:54,831 - quantum_hardware.general - ERROR - Circuit execution failed on Mock Failing Backend: unknown_error: Backend Mock Failing Backend is not available: error
2025-04-04 18:51:54,831 - quantum_hardware.general - ERROR - Circuit execution failed on Mock Failing Backend: unknown_error: Backend Mock Failing Backend is not available: error
2025-04-04 18:51:54,831 - quantum_hardware.general - INFO - Completed operation: run_circuit_Mock Failing Backend in 0.0001s
2025-04-04 18:51:54,831 - quantum_hardware.general - INFO - Completed operation: run_circuit_Mock Failing Backend in 0.0001s
2025-04-04 18:51:54,831 - quantum_hardware.general - INFO - Completed operation: run_circuit_Mock Failing Backend in 0.0001s
2025-04-04 18:51:54,831 - quantum_hardware.general - INFO - Completed operation: enhanced_execute_with_hardware in 0.0003s
2025-04-04 18:51:54,831 - quantum_hardware.general - INFO - Completed operation: enhanced_execute_with_hardware in 0.0003s
2025-04-04 18:51:54,831 - quantum_hardware.general - INFO - Completed operation: enhanced_execute_with_hardware in 0.0003s
2025-04-04 18:51:54,831 - quantum_hardware.general - INFO - Completed operation: get_backend_mock_backend in 0.0000s
2025-04-04 18:51:54,831 - quantum_hardware.general - INFO - Completed operation: get_backend_mock_backend in 0.0000s
2025-04-04 18:51:54,831 - quantum_hardware.general - INFO - Completed operation: get_backend_mock_backend in 0.0000s
2025-04-04 18:51:54,831 - quantum_hardware.general - INFO - Completed operation: get_backend_mock_backend in 0.0000s
2025-04-04 18:51:54,831 - quantum_hardware.general - ERROR - hardware - validation_error: Unknown backend: mock_backend
2025-04-04 18:51:54,831 - quantum_hardware.general - ERROR - hardware - validation_error: Unknown backend: mock_backend
2025-04-04 18:51:54,831 - quantum_hardware.general - ERROR - hardware - validation_error: Unknown backend: mock_backend
2025-04-04 18:51:54,831 - quantum_hardware.general - ERROR - hardware - validation_error: Unknown backend: mock_backend
2025-04-04 18:51:54,831 - quantum_hardware.general - ERROR - Exception details: Unknown backend: mock_backend
2025-04-04 18:51:54,831 - quantum_hardware.general - ERROR - Exception details: Unknown backend: mock_backend
2025-04-04 18:51:54,831 - quantum_hardware.general - ERROR - Exception details: Unknown backend: mock_backend
2025-04-04 18:51:54,831 - quantum_hardware.general - ERROR - Exception details: Unknown backend: mock_backend
2025-04-04 18:51:54,831 - quantum_hardware.general - INFO - Completed operation: enhanced_execute_with_hardware in 0.0002s
2025-04-04 18:51:54,831 - quantum_hardware.general - INFO - Completed operation: enhanced_execute_with_hardware in 0.0002s
2025-04-04 18:51:54,831 - quantum_hardware.general - INFO - Completed operation: enhanced_execute_with_hardware in 0.0002s
2025-04-04 18:51:54,831 - quantum_hardware.general - INFO - Completed operation: enhanced_execute_with_hardware in 0.0002s
